CRITICAL - 2023-12-11 13:13:01 --> Undefined variable $appointments
in APPPATH\Views\schedule.php on line 27.
 1 APPPATH\Views\schedule.php(27): CodeIgniter\Debug\Exceptions->errorHandler(2, 'Undefined variable $appointments', 'C:\\laragon\\www\\Final\\App_Devs-PROJECT\\app\\Views\\schedule.php', 27)
 2 SYSTEMPATH\View\View.php(228): include('C:\\laragon\\www\\Final\\App_Devs-PROJECT\\app\\Views\\schedule.php')
 3 SYSTEMPATH\View\View.php(231): CodeIgniter\View\View->CodeIgniter\View\{closure}()
 4 SYSTEMPATH\Common.php(1190): CodeIgniter\View\View->render('schedule', [], true)
 5 APPPATH\Controllers\ReservationController.php(12): view('schedule')
 6 SYSTEMPATH\CodeIgniter.php(942): App\Controllers\ReservationController->index()
 7 SYSTEMPATH\CodeIgniter.php(502): CodeIgniter\CodeIgniter->runController(Object(App\Controllers\ReservationController))
 8 SYSTEMPATH\CodeIgniter.php(361): CodeIgniter\CodeIgniter->handleRequest(null, Object(Config\Cache), false)
 9 FCPATH\index.php(85): CodeIgniter\CodeIgniter->run()
10 SYSTEMPATH\Commands\Server\rewrite.php(47): require_once('C:\\laragon\\www\\Final\\App_Devs-PROJECT\\public\\index.php')
CRITICAL - 2023-12-11 13:13:56 --> Invalid file: "schedule/index.php"
in SYSTEMPATH\Exceptions\FrameworkException.php on line 39.
 1 SYSTEMPATH\View\View.php(216): CodeIgniter\Exceptions\FrameworkException::forInvalidFile('schedule/index.php')
 2 SYSTEMPATH\Common.php(1190): CodeIgniter\View\View->render('schedule/index', [], true)
 3 APPPATH\Controllers\ReservationController.php(15): view('schedule/index', [...])
 4 SYSTEMPATH\CodeIgniter.php(942): App\Controllers\ReservationController->index()
 5 SYSTEMPATH\CodeIgniter.php(502): CodeIgniter\CodeIgniter->runController(Object(App\Controllers\ReservationController))
 6 SYSTEMPATH\CodeIgniter.php(361): CodeIgniter\CodeIgniter->handleRequest(null, Object(Config\Cache), false)
 7 FCPATH\index.php(85): CodeIgniter\CodeIgniter->run()
 8 SYSTEMPATH\Commands\Server\rewrite.php(47): require_once('C:\\laragon\\www\\Final\\App_Devs-PROJECT\\public\\index.php')
CRITICAL - 2023-12-11 14:46:46 --> Undefined variable $appointments
in APPPATH\Views\schedule.php on line 32.
 1 APPPATH\Views\schedule.php(32): CodeIgniter\Debug\Exceptions->errorHandler(2, 'Undefined variable $appointments', 'C:\\laragon\\www\\Final\\App_Devs-PROJECT\\app\\Views\\schedule.php', 32)
 2 SYSTEMPATH\View\View.php(228): include('C:\\laragon\\www\\Final\\App_Devs-PROJECT\\app\\Views\\schedule.php')
 3 SYSTEMPATH\View\View.php(231): CodeIgniter\View\View->CodeIgniter\View\{closure}()
 4 SYSTEMPATH\Common.php(1190): CodeIgniter\View\View->render('schedule', [], true)
 5 APPPATH\Controllers\ReservationController.php(62): view('schedule', [...])
 6 SYSTEMPATH\CodeIgniter.php(942): App\Controllers\ReservationController->edit('1')
 7 SYSTEMPATH\CodeIgniter.php(502): CodeIgniter\CodeIgniter->runController(Object(App\Controllers\ReservationController))
 8 SYSTEMPATH\CodeIgniter.php(361): CodeIgniter\CodeIgniter->handleRequest(null, Object(Config\Cache), false)
 9 FCPATH\index.php(85): CodeIgniter\CodeIgniter->run()
10 SYSTEMPATH\Commands\Server\rewrite.php(47): require_once('C:\\laragon\\www\\Final\\App_Devs-PROJECT\\public\\index.php')
CRITICAL - 2023-12-11 14:47:35 --> Undefined variable $appointments
in APPPATH\Views\schedule.php on line 32.
 1 APPPATH\Views\schedule.php(32): CodeIgniter\Debug\Exceptions->errorHandler(2, 'Undefined variable $appointments', 'C:\\laragon\\www\\Final\\App_Devs-PROJECT\\app\\Views\\schedule.php', 32)
 2 SYSTEMPATH\View\View.php(228): include('C:\\laragon\\www\\Final\\App_Devs-PROJECT\\app\\Views\\schedule.php')
 3 SYSTEMPATH\View\View.php(231): CodeIgniter\View\View->CodeIgniter\View\{closure}()
 4 SYSTEMPATH\Common.php(1190): CodeIgniter\View\View->render('schedule', [], true)
 5 APPPATH\Controllers\ReservationController.php(62): view('schedule', [...])
 6 SYSTEMPATH\CodeIgniter.php(942): App\Controllers\ReservationController->edit('1')
 7 SYSTEMPATH\CodeIgniter.php(502): CodeIgniter\CodeIgniter->runController(Object(App\Controllers\ReservationController))
 8 SYSTEMPATH\CodeIgniter.php(361): CodeIgniter\CodeIgniter->handleRequest(null, Object(Config\Cache), false)
 9 FCPATH\index.php(85): CodeIgniter\CodeIgniter->run()
10 SYSTEMPATH\Commands\Server\rewrite.php(47): require_once('C:\\laragon\\www\\Final\\App_Devs-PROJECT\\public\\index.php')
CRITICAL - 2023-12-11 15:03:58 --> Undefined variable $appointments
in APPPATH\Views\schedule.php on line 32.
 1 APPPATH\Views\schedule.php(32): CodeIgniter\Debug\Exceptions->errorHandler(2, 'Undefined variable $appointments', 'C:\\laragon\\www\\Final\\App_Devs-PROJECT\\app\\Views\\schedule.php', 32)
 2 SYSTEMPATH\View\View.php(228): include('C:\\laragon\\www\\Final\\App_Devs-PROJECT\\app\\Views\\schedule.php')
 3 SYSTEMPATH\View\View.php(231): CodeIgniter\View\View->CodeIgniter\View\{closure}()
 4 SYSTEMPATH\Common.php(1190): CodeIgniter\View\View->render('schedule', [], true)
 5 APPPATH\Controllers\ReservationController.php(62): view('schedule', [...])
 6 SYSTEMPATH\CodeIgniter.php(942): App\Controllers\ReservationController->edit('1')
 7 SYSTEMPATH\CodeIgniter.php(502): CodeIgniter\CodeIgniter->runController(Object(App\Controllers\ReservationController))
 8 SYSTEMPATH\CodeIgniter.php(361): CodeIgniter\CodeIgniter->handleRequest(null, Object(Config\Cache), false)
 9 FCPATH\index.php(85): CodeIgniter\CodeIgniter->run()
10 SYSTEMPATH\Commands\Server\rewrite.php(47): require_once('C:\\laragon\\www\\Final\\App_Devs-PROJECT\\public\\index.php')
CRITICAL - 2023-12-11 15:07:30 --> Undefined variable $appointments
in APPPATH\Views\schedule.php on line 32.
 1 APPPATH\Views\schedule.php(32): CodeIgniter\Debug\Exceptions->errorHandler(2, 'Undefined variable $appointments', 'C:\\laragon\\www\\Final\\App_Devs-PROJECT\\app\\Views\\schedule.php', 32)
 2 SYSTEMPATH\View\View.php(228): include('C:\\laragon\\www\\Final\\App_Devs-PROJECT\\app\\Views\\schedule.php')
 3 SYSTEMPATH\View\View.php(231): CodeIgniter\View\View->CodeIgniter\View\{closure}()
 4 SYSTEMPATH\Common.php(1190): CodeIgniter\View\View->render('schedule', [], true)
 5 APPPATH\Controllers\ReservationController.php(62): view('schedule', [...])
 6 SYSTEMPATH\CodeIgniter.php(942): App\Controllers\ReservationController->edit('1')
 7 SYSTEMPATH\CodeIgniter.php(502): CodeIgniter\CodeIgniter->runController(Object(App\Controllers\ReservationController))
 8 SYSTEMPATH\CodeIgniter.php(361): CodeIgniter\CodeIgniter->handleRequest(null, Object(Config\Cache), false)
 9 FCPATH\index.php(85): CodeIgniter\CodeIgniter->run()
10 SYSTEMPATH\Commands\Server\rewrite.php(47): require_once('C:\\laragon\\www\\Final\\App_Devs-PROJECT\\public\\index.php')
