ERROR - 2023-11-16 13:40:05 --> Error connecting to the database: mysqli_sql_exception: No connection could be made because the target machine actively refused it.
 in C:\Users\Comia\Documents\App_Devs-PROJECT\system\Database\MySQLi\Connection.php:185
Stack trace:
#0 C:\Users\Comia\Documents\App_Devs-PROJECT\system\Database\MySQLi\Connection.php(185): mysqli->real_connect('localhost', 'root', '', 'guidance', 3306, '', 0)
#1 C:\Users\Comia\Documents\App_Devs-PROJECT\system\Database\BaseConnection.php(392): CodeIgniter\Database\MySQLi\Connection->connect(false)
#2 C:\Users\Comia\Documents\App_Devs-PROJECT\system\Database\BaseConnection.php(575): CodeIgniter\Database\BaseConnection->initialize()
#3 C:\Users\Comia\Documents\App_Devs-PROJECT\system\Database\BaseBuilder.php(1615): CodeIgniter\Database\BaseConnection->query('SELECT *\nFROM `...', Array, false)
#4 C:\Users\Comia\Documents\App_Devs-PROJECT\system\Model.php(264): CodeIgniter\Database\BaseBuilder->get()
#5 C:\Users\Comia\Documents\App_Devs-PROJECT\system\BaseModel.php(662): CodeIgniter\Model->doFirst()
#6 C:\Users\Comia\Documents\App_Devs-PROJECT\app\Controllers\MainController.php(18): CodeIgniter\BaseModel->first()
#7 C:\Users\Comia\Documents\App_Devs-PROJECT\system\CodeIgniter.php(942): App\Controllers\MainController->login()
#8 C:\Users\Comia\Documents\App_Devs-PROJECT\system\CodeIgniter.php(502): CodeIgniter\CodeIgniter->runController(Object(App\Controllers\MainController))
#9 C:\Users\Comia\Documents\App_Devs-PROJECT\system\CodeIgniter.php(361): CodeIgniter\CodeIgniter->handleRequest(NULL, Object(Config\Cache), false)
#10 C:\Users\Comia\Documents\App_Devs-PROJECT\public\index.php(95): CodeIgniter\CodeIgniter->run()
#11 C:\Users\Comia\Documents\App_Devs-PROJECT\system\Commands\Server\rewrite.php(47): require_once('C:\\Users\\Comia\\...')
#12 {main}

Next CodeIgniter\Database\Exceptions\DatabaseException: No connection could be made because the target machine actively refused it.
 in C:\Users\Comia\Documents\App_Devs-PROJECT\system\Database\MySQLi\Connection.php:229
Stack trace:
#0 C:\Users\Comia\Documents\App_Devs-PROJECT\system\Database\BaseConnection.php(392): CodeIgniter\Database\MySQLi\Connection->connect(false)
#1 C:\Users\Comia\Documents\App_Devs-PROJECT\system\Database\BaseConnection.php(575): CodeIgniter\Database\BaseConnection->initialize()
#2 C:\Users\Comia\Documents\App_Devs-PROJECT\system\Database\BaseBuilder.php(1615): CodeIgniter\Database\BaseConnection->query('SELECT *\nFROM `...', Array, false)
#3 C:\Users\Comia\Documents\App_Devs-PROJECT\system\Model.php(264): CodeIgniter\Database\BaseBuilder->get()
#4 C:\Users\Comia\Documents\App_Devs-PROJECT\system\BaseModel.php(662): CodeIgniter\Model->doFirst()
#5 C:\Users\Comia\Documents\App_Devs-PROJECT\app\Controllers\MainController.php(18): CodeIgniter\BaseModel->first()
#6 C:\Users\Comia\Documents\App_Devs-PROJECT\system\CodeIgniter.php(942): App\Controllers\MainController->login()
#7 C:\Users\Comia\Documents\App_Devs-PROJECT\system\CodeIgniter.php(502): CodeIgniter\CodeIgniter->runController(Object(App\Controllers\MainController))
#8 C:\Users\Comia\Documents\App_Devs-PROJECT\system\CodeIgniter.php(361): CodeIgniter\CodeIgniter->handleRequest(NULL, Object(Config\Cache), false)
#9 C:\Users\Comia\Documents\App_Devs-PROJECT\public\index.php(95): CodeIgniter\CodeIgniter->run()
#10 C:\Users\Comia\Documents\App_Devs-PROJECT\system\Commands\Server\rewrite.php(47): require_once('C:\\Users\\Comia\\...')
#11 {main}
CRITICAL - 2023-11-16 13:40:05 --> Unable to connect to the database.
Main connection [MySQLi]: No connection could be made because the target machine actively refused it.

in SYSTEMPATH\Database\BaseConnection.php on line 428.
 1 SYSTEMPATH\Database\BaseConnection.php(575): CodeIgniter\Database\BaseConnection->initialize()
 2 SYSTEMPATH\Database\BaseBuilder.php(1615): CodeIgniter\Database\BaseConnection->query('SELECT *
FROM `users`
WHERE `username` IS NULL
 LIMIT 1', [], false)
 3 SYSTEMPATH\Model.php(264): CodeIgniter\Database\BaseBuilder->get()
 4 SYSTEMPATH\BaseModel.php(662): CodeIgniter\Model->doFirst()
 5 APPPATH\Controllers\MainController.php(18): CodeIgniter\BaseModel->first()
 6 SYSTEMPATH\CodeIgniter.php(942): App\Controllers\MainController->login()
 7 SYSTEMPATH\CodeIgniter.php(502): CodeIgniter\CodeIgniter->runController(Object(App\Controllers\MainController))
 8 SYSTEMPATH\CodeIgniter.php(361): CodeIgniter\CodeIgniter->handleRequest(null, Object(Config\Cache), false)
 9 FCPATH\index.php(95): CodeIgniter\CodeIgniter->run()
10 SYSTEMPATH\Commands\Server\rewrite.php(47): require_once('C:\\Users\\Comia\\Documents\\App_Devs-PROJECT\\public\\index.php')
